<?xml version="1.0" encoding="UTF-8"?>
<!-- Generated by org.testng.reporters.JUnitXMLReporter -->
<testsuite hostname="Suuresh-PC" ignored="0" name="Previous" tests="2" failures="0" timestamp="20 May 2018 10:56:28 GMT" time="239.451" errors="0">
  <testcase name="customerLogin" time="5.969" classname="com.automation.AutomationPractice.TC002_PreviousOrders"/>
  <testcase name="previousOrdersList" time="208.958" classname="com.automation.AutomationPractice.TC002_PreviousOrders"/>
</testsuite> <!-- Previous -->
