<?xml version="1.0" encoding="UTF-8"?>
<!-- Generated by org.testng.reporters.JUnitXMLReporter -->
<testsuite hostname="Suuresh-PC" ignored="0" name="Purchase" tests="2" failures="0" timestamp="20 May 2018 10:52:28 GMT" time="46.757" errors="0">
  <testcase name="customerLogin" time="6.739" classname="com.automation.AutomationPractice.TC001_PurchaseTwoItems"/>
  <testcase name="purchaseTwoItems" time="24.974" classname="com.automation.AutomationPractice.TC001_PurchaseTwoItems"/>
</testsuite> <!-- Purchase -->
